[debug] [2025-12-17T04:29:29.151Z] ----------------------------------------------------------------------
[debug] [2025-12-17T04:29:29.153Z] Command:       /home/diego/.nvm/versions/node/v22.21.1/bin/node /home/diego/.nvm/versions/node/v22.21.1/bin/firebase init
[debug] [2025-12-17T04:29:29.153Z] CLI Version:   15.0.0
[debug] [2025-12-17T04:29:29.153Z] Platform:      linux
[debug] [2025-12-17T04:29:29.153Z] Node Version:  v22.21.1
[debug] [2025-12-17T04:29:29.153Z] Time:          Wed Dec 17 2025 01:29:29 GMT-0300 (Horário Padrão de Brasília)
[debug] [2025-12-17T04:29:29.153Z] ----------------------------------------------------------------------
[debug] 
[info] 
     ######## #### ########  ######## ########     ###     ######  ########
     ##        ##  ##     ## ##       ##     ##  ##   ##  ##       ##
     ######    ##  ########  ######   ########  #########  ######  ######
     ##        ##  ##    ##  ##       ##     ## ##     ##       ## ##
     ##       #### ##     ## ######## ########  ##     ##  ######  ########

You're about to initialize a Firebase project in this directory:

  /home/diego/Documentos/d-choco/d-choco

Before we get started, keep in mind:

  * You are initializing within an existing Firebase project directory

[debug] [2025-12-17T04:41:45.742Z] ExitPromptError: User force closed the prompt with SIGINT
    at Interface.sigint (/home/diego/.nvm/versions/node/v22.21.1/lib/node_modules/firebase-tools/node_modules/@inquirer/core/dist/commonjs/lib/create-prompt.js:101:37)
    at Interface.emit (node:events:519:28)
    at [_ttyWrite] [as _ttyWrite] (node:internal/readline/interface:1134:18)
    at ReadStream.onkeypress (node:internal/readline/interface:271:20)
    at ReadStream.emit (node:events:531:35)
    at emitKeys (node:internal/readline/utils:370:14)
    at emitKeys.next (<anonymous>)
    at ReadStream.onData (node:internal/readline/emitKeypressEvents:64:36)
    at ReadStream.emit (node:events:519:28)
    at addChunk (node:internal/streams/readable:561:12)
[error] 
[error] Error: An unexpected error has occurred.
